Performing C SOURCE FILE Test CMAKE_HAVE_LIBC_PTHREAD failed with the following output:
Change Dir: /home/chao/master/code/cv_algorithm/cmake-build-debug/CMakeFiles/CMakeTmp

Run Build Command(s):/usr/bin/make cmTC_2a5af/fast && /usr/bin/make -f CMakeFiles/cmTC_2a5af.dir/build.make CMakeFiles/cmTC_2a5af.dir/build
make[1]: Entering directory '/home/chao/master/code/cv_algorithm/cmake-build-debug/CMakeFiles/CMakeTmp'
Building C object CMakeFiles/cmTC_2a5af.dir/src.c.o
/usr/bin/cc   -fPIC -DCMAKE_HAVE_LIBC_PTHREAD -fPIE   -o CMakeFiles/cmTC_2a5af.dir/src.c.o   -c /home/chao/master/code/cv_algorithm/cmake-build-debug/CMakeFiles/CMakeTmp/src.c
Linking C executable cmTC_2a5af
/home/chao/clion-2019.3.2/bin/cmake/linux/bin/cmake -E cmake_link_script CMakeFiles/cmTC_2a5af.dir/link.txt --verbose=1
/usr/bin/cc -fPIC -DCMAKE_HAVE_LIBC_PTHREAD    -rdynamic CMakeFiles/cmTC_2a5af.dir/src.c.o  -o cmTC_2a5af 
CMakeFiles/cmTC_2a5af.dir/src.c.o: In function `main':
src.c:(.text+0x3e): undefined reference to `pthread_create'
src.c:(.text+0x4a): undefined reference to `pthread_detach'
src.c:(.text+0x5b): undefined reference to `pthread_join'
src.c:(.text+0x6f): undefined reference to `pthread_atfork'
collect2: error: ld returned 1 exit status
CMakeFiles/cmTC_2a5af.dir/build.make:86: recipe for target 'cmTC_2a5af' failed
make[1]: *** [cmTC_2a5af] Error 1
make[1]: Leaving directory '/home/chao/master/code/cv_algorithm/cmake-build-debug/CMakeFiles/CMakeTmp'
Makefile:121: recipe for target 'cmTC_2a5af/fast' failed
make: *** [cmTC_2a5af/fast] Error 2


Source file was:
#include <pthread.h>

void* test_func(void* data)
{
  return data;
}

int main(void)
{
  pthread_t thread;
  pthread_create(&thread, NULL, test_func, NULL);
  pthread_detach(thread);
  pthread_join(thread, NULL);
  pthread_atfork(NULL, NULL, NULL);
  pthread_exit(NULL);

  return 0;
}

Determining if the function pthread_create exists in the pthreads failed with the following output:
Change Dir: /home/chao/master/code/cv_algorithm/cmake-build-debug/CMakeFiles/CMakeTmp

Run Build Command(s):/usr/bin/make cmTC_9590f/fast && /usr/bin/make -f CMakeFiles/cmTC_9590f.dir/build.make CMakeFiles/cmTC_9590f.dir/build
make[1]: Entering directory '/home/chao/master/code/cv_algorithm/cmake-build-debug/CMakeFiles/CMakeTmp'
Building C object CMakeFiles/cmTC_9590f.dir/CheckFunctionExists.c.o
/usr/bin/cc   -fPIC -DCHECK_FUNCTION_EXISTS=pthread_create -fPIE   -o CMakeFiles/cmTC_9590f.dir/CheckFunctionExists.c.o   -c /home/chao/clion-2019.3.2/bin/cmake/linux/share/cmake-3.15/Modules/CheckFunctionExists.c
Linking C executable cmTC_9590f
/home/chao/clion-2019.3.2/bin/cmake/linux/bin/cmake -E cmake_link_script CMakeFiles/cmTC_9590f.dir/link.txt --verbose=1
/usr/bin/cc -fPIC -DCHECK_FUNCTION_EXISTS=pthread_create    -rdynamic CMakeFiles/cmTC_9590f.dir/CheckFunctionExists.c.o  -o cmTC_9590f -lpthreads 
/usr/bin/ld: cannot find -lpthreads
collect2: error: ld returned 1 exit status
CMakeFiles/cmTC_9590f.dir/build.make:86: recipe for target 'cmTC_9590f' failed
make[1]: *** [cmTC_9590f] Error 1
make[1]: Leaving directory '/home/chao/master/code/cv_algorithm/cmake-build-debug/CMakeFiles/CMakeTmp'
Makefile:121: recipe for target 'cmTC_9590f/fast' failed
make: *** [cmTC_9590f/fast] Error 2



